Thu Jun  4 09:29:40 PDT 2020

Attaching package: ‘dplyr’

The following object is masked from ‘package:matrixStats’:

    count

The following objects are masked from ‘package:stats’:

    filter, lag

The following objects are masked from ‘package:base’:

    intersect, setdiff, setequal, union

Loading required package: future
[1] "tf: 1"
[1] "tf: 2"
[1] "tf: 3"
[1] "tf: 4"
[1] "tf: 5"
[1] "tf: 7"
[1] "tf: 10"
[1] "tf: 15"
[1] "tf: 20"
[1] "tf: 25"
[1] "tf: 30"
[1] "tf: 1000"
[1] "Writing data/sim_2_1_0.5_22.csv"
Thu Jun  4 09:37:04 PDT 2020
